2014-06-15 09:20:03:https://api.weibo.com/oauth2/access_token
返回{"access_token":"2.00ImFlACp8WHUD7243b72a40xYBQ3D","remind_in":"625237","expires_in":625237,"uid":"1843489284"}
2014-06-15 09:20:03:https://api.weibo.com/2/account/get_uid.json?access_token=2.00ImFlACp8WHUD7243b72a40xYBQ3D
返回{"uid":1843489284}
2014-06-15 09:23:36:https://api.weibo.com/oauth2/access_token
返回{"access_token":"2.00ImFlACp8WHUD7243b72a40xYBQ3D","remind_in":"625023","expires_in":625023,"uid":"1843489284"}
2014-06-15 09:23:36:https://api.weibo.com/2/account/get_uid.json?access_token=2.00ImFlACp8WHUD7243b72a40xYBQ3D
返回{"uid":1843489284}
2014-06-15 09:29:45:https://api.weibo.com/oauth2/access_token
返回{"access_token":"2.00asD2gCp8WHUDb1630e30ccmWKoQC","remind_in":"157679999","expires_in":157679999,"uid":"2457891580"}
2014-06-15 09:29:45:https://api.weibo.com/2/account/get_uid.json?access_token=2.00asD2gCp8WHUDb1630e30ccmWKoQC
返回{"uid":2457891580}
2014-06-15 09:29:46:https://api.weibo.com/2/users/show.json?access_token=2.00asD2gCp8WHUDb1630e30ccmWKoQC&uid=2457891580
返回{"id":2457891580,"idstr":"2457891580","class":1,"screen_name":"WANGTAOT","name":"WANGTAOT","province":"61","city":"1","location":"闄曡タ 瑗垮畨","description":"","url":"","profile_image_url":"http://tp1.sinaimg.cn/2457891580/50/40004565285/1","profile_url":"512235018","domain":"wangtaot","weihao":"512235018","gender":"m","followers_count":32,"friends_count":13,"statuses_count":50,"favourites_count":1,"created_at":"Mon Oct 10 11:35:15 +0800 2011","following":false,"allow_all_act_msg":true,"geo_enabled":true,"verified":false,"verified_type":-1,"remark":"","status":{"created_at":"Thu Jun 05 20:37:43 +0800 2014","id":3718201840103295,"mid":"3718201840103295","idstr":"3718201840103295","text":"鎴戞槸鑷姩鍙戝嚭鐨?,"source":"<a href=\"http://app.weibo.com/t/feed/59eBIV\" rel=\"nofollow\">鑱氶噾杞欢</a>","favorited":false,"truncated":false,"in_reply_to_status_id":"","in_reply_to_user_id":"","in_reply_to_screen_name":"","pic_urls":[],"geo":null,"reposts_count":0,"comments_count":0,"attitudes_count":0,"mlevel":0,"visible":{"type":0,"list_id":0}},"ptype":0,"allow_all_comment":true,"avatar_large":"http://tp1.sinaimg.cn/2457891580/180/40004565285/1","avatar_hd":"http://tp1.sinaimg.cn/2457891580/180/40004565285/1","verified_reason":"","verified_trade":"","verified_reason_url":"","verified_source":"","verified_source_url":"","follow_me":false,"online_status":0,"bi_followers_count":2,"lang":"zh-cn","star":0,"mbtype":2,"mbrank":1,"block_word":0,"block_app":0,"worldcup_guess":0}
2014-06-15 09:30:30:https://api.weibo.com/oauth2/access_token
返回{"access_token":"2.00asD2gCp8WHUDb1630e30ccmWKoQC","remind_in":"157679999","expires_in":157679999,"uid":"2457891580"}
2014-06-15 09:30:30:https://api.weibo.com/2/account/get_uid.json?access_token=2.00asD2gCp8WHUDb1630e30ccmWKoQC
返回{"uid":2457891580}
2014-06-15 09:30:30:https://api.weibo.com/2/users/show.json?access_token=2.00asD2gCp8WHUDb1630e30ccmWKoQC&uid=2457891580
返回{"id":2457891580,"idstr":"2457891580","class":1,"screen_name":"WANGTAOT","name":"WANGTAOT","province":"61","city":"1","location":"闄曡タ 瑗垮畨","description":"","url":"","profile_image_url":"http://tp1.sinaimg.cn/2457891580/50/40004565285/1","profile_url":"512235018","domain":"wangtaot","weihao":"512235018","gender":"m","followers_count":32,"friends_count":13,"statuses_count":50,"favourites_count":1,"created_at":"Mon Oct 10 11:35:15 +0800 2011","following":false,"allow_all_act_msg":true,"geo_enabled":true,"verified":false,"verified_type":-1,"remark":"","status":{"created_at":"Thu Jun 05 20:37:43 +0800 2014","id":3718201840103295,"mid":"3718201840103295","idstr":"3718201840103295","text":"鎴戞槸鑷姩鍙戝嚭鐨?,"source":"<a href=\"http://app.weibo.com/t/feed/59eBIV\" rel=\"nofollow\">鑱氶噾杞欢</a>","favorited":false,"truncated":false,"in_reply_to_status_id":"","in_reply_to_user_id":"","in_reply_to_screen_name":"","pic_urls":[],"geo":null,"reposts_count":0,"comments_count":0,"attitudes_count":0,"mlevel":0,"visible":{"type":0,"list_id":0}},"ptype":0,"allow_all_comment":true,"avatar_large":"http://tp1.sinaimg.cn/2457891580/180/40004565285/1","avatar_hd":"http://tp1.sinaimg.cn/2457891580/180/40004565285/1","verified_reason":"","verified_trade":"","verified_reason_url":"","verified_source":"","verified_source_url":"","follow_me":false,"online_status":0,"bi_followers_count":2,"lang":"zh-cn","star":0,"mbtype":2,"mbrank":1,"block_word":0,"block_app":0,"worldcup_guess":0}
2014-06-15 09:31:03:https://api.weibo.com/oauth2/access_token
返回{"access_token":"2.00asD2gCp8WHUDb1630e30ccmWKoQC","remind_in":"157679999","expires_in":157679999,"uid":"2457891580"}
2014-06-15 09:31:04:https://api.weibo.com/2/account/get_uid.json?access_token=2.00asD2gCp8WHUDb1630e30ccmWKoQC
返回{"uid":2457891580}
2014-06-15 09:31:04:https://api.weibo.com/2/users/show.json?access_token=2.00asD2gCp8WHUDb1630e30ccmWKoQC&uid=2457891580
返回{"id":2457891580,"idstr":"2457891580","class":1,"screen_name":"WANGTAOT","name":"WANGTAOT","province":"61","city":"1","location":"闄曡タ 瑗垮畨","description":"","url":"","profile_image_url":"http://tp1.sinaimg.cn/2457891580/50/40004565285/1","profile_url":"512235018","domain":"wangtaot","weihao":"512235018","gender":"m","followers_count":32,"friends_count":13,"statuses_count":50,"favourites_count":1,"created_at":"Mon Oct 10 11:35:15 +0800 2011","following":false,"allow_all_act_msg":true,"geo_enabled":true,"verified":false,"verified_type":-1,"remark":"","status":{"created_at":"Thu Jun 05 20:37:43 +0800 2014","id":3718201840103295,"mid":"3718201840103295","idstr":"3718201840103295","text":"鎴戞槸鑷姩鍙戝嚭鐨?,"source":"<a href=\"http://app.weibo.com/t/feed/59eBIV\" rel=\"nofollow\">鑱氶噾杞欢</a>","favorited":false,"truncated":false,"in_reply_to_status_id":"","in_reply_to_user_id":"","in_reply_to_screen_name":"","pic_urls":[],"geo":null,"reposts_count":0,"comments_count":0,"attitudes_count":0,"mlevel":0,"visible":{"type":0,"list_id":0}},"ptype":0,"allow_all_comment":true,"avatar_large":"http://tp1.sinaimg.cn/2457891580/180/40004565285/1","avatar_hd":"http://tp1.sinaimg.cn/2457891580/180/40004565285/1","verified_reason":"","verified_trade":"","verified_reason_url":"","verified_source":"","verified_source_url":"","follow_me":false,"online_status":0,"bi_followers_count":2,"lang":"zh-cn","star":0,"mbtype":2,"mbrank":1,"block_word":0,"block_app":0,"worldcup_guess":0}
2014-06-15 10:15:30:https://api.weibo.com/oauth2/access_token
返回{"access_token":"2.00asD2gCp8WHUDb1630e30ccmWKoQC","remind_in":"157679999","expires_in":157679999,"uid":"2457891580"}
2014-06-15 10:15:31:https://api.weibo.com/2/account/get_uid.json?access_token=2.00asD2gCp8WHUDb1630e30ccmWKoQC
返回{"uid":2457891580}
2014-06-15 10:15:31:https://api.weibo.com/2/users/show.json?access_token=2.00asD2gCp8WHUDb1630e30ccmWKoQC&uid=2457891580
返回{"id":2457891580,"idstr":"2457891580","class":1,"screen_name":"WANGTAOT","name":"WANGTAOT","province":"61","city":"1","location":"闄曡タ 瑗垮畨","description":"","url":"","profile_image_url":"http://tp1.sinaimg.cn/2457891580/50/40004565285/1","profile_url":"512235018","domain":"wangtaot","weihao":"512235018","gender":"m","followers_count":32,"friends_count":13,"statuses_count":50,"favourites_count":1,"created_at":"Mon Oct 10 11:35:15 +0800 2011","following":false,"allow_all_act_msg":true,"geo_enabled":true,"verified":false,"verified_type":-1,"remark":"","status":{"created_at":"Thu Jun 05 20:37:43 +0800 2014","id":3718201840103295,"mid":"3718201840103295","idstr":"3718201840103295","text":"鎴戞槸鑷姩鍙戝嚭鐨?,"source":"<a href=\"http://app.weibo.com/t/feed/59eBIV\" rel=\"nofollow\">鑱氶噾杞欢</a>","favorited":false,"truncated":false,"in_reply_to_status_id":"","in_reply_to_user_id":"","in_reply_to_screen_name":"","pic_urls":[],"geo":null,"reposts_count":0,"comments_count":0,"attitudes_count":0,"mlevel":0,"visible":{"type":0,"list_id":0}},"ptype":0,"allow_all_comment":true,"avatar_large":"http://tp1.sinaimg.cn/2457891580/180/40004565285/1","avatar_hd":"http://tp1.sinaimg.cn/2457891580/180/40004565285/1","verified_reason":"","verified_trade":"","verified_reason_url":"","verified_source":"","verified_source_url":"","follow_me":false,"online_status":0,"bi_followers_count":2,"lang":"zh-cn","star":0,"mbtype":2,"mbrank":1,"block_word":0,"block_app":0,"worldcup_guess":0}
2014-06-15 10:19:40:https://api.weibo.com/oauth2/access_token
返回{"access_token":"2.00asD2gCp8WHUDb1630e30ccmWKoQC","remind_in":"157679999","expires_in":157679999,"uid":"2457891580"}
2014-06-15 10:19:40:https://api.weibo.com/2/account/get_uid.json?access_token=2.00asD2gCp8WHUDb1630e30ccmWKoQC
返回{"uid":2457891580}
2014-06-15 10:19:40:https://api.weibo.com/2/users/show.json?access_token=2.00asD2gCp8WHUDb1630e30ccmWKoQC&uid=2457891580
返回{"id":2457891580,"idstr":"2457891580","class":1,"screen_name":"WANGTAOT","name":"WANGTAOT","province":"61","city":"1","location":"陕西 西安","description":"","url":"","profile_image_url":"http://tp1.sinaimg.cn/2457891580/50/40004565285/1","profile_url":"512235018","domain":"wangtaot","weihao":"512235018","gender":"m","followers_count":32,"friends_count":13,"statuses_count":50,"favourites_count":1,"created_at":"Mon Oct 10 11:35:15 +0800 2011","following":false,"allow_all_act_msg":true,"geo_enabled":true,"verified":false,"verified_type":-1,"remark":"","status":{"created_at":"Thu Jun 05 20:37:43 +0800 2014","id":3718201840103295,"mid":"3718201840103295","idstr":"3718201840103295","text":"我是自动发出的","source":"<a href=\"http://app.weibo.com/t/feed/59eBIV\" rel=\"nofollow\">聚金软件</a>","favorited":false,"truncated":false,"in_reply_to_status_id":"","in_reply_to_user_id":"","in_reply_to_screen_name":"","pic_urls":[],"geo":null,"reposts_count":0,"comments_count":0,"attitudes_count":0,"mlevel":0,"visible":{"type":0,"list_id":0}},"ptype":0,"allow_all_comment":true,"avatar_large":"http://tp1.sinaimg.cn/2457891580/180/40004565285/1","avatar_hd":"http://tp1.sinaimg.cn/2457891580/180/40004565285/1","verified_reason":"","verified_trade":"","verified_reason_url":"","verified_source":"","verified_source_url":"","follow_me":false,"online_status":0,"bi_followers_count":2,"lang":"zh-cn","star":0,"mbtype":2,"mbrank":1,"block_word":0,"block_app":0,"worldcup_guess":0}
2014-06-15 10:29:25:https://api.weibo.com/oauth2/access_token
返回{"access_token":"2.00ImFlACp8WHUD7243b72a40xYBQ3D","remind_in":"621077","expires_in":621077,"uid":"1843489284"}
2014-06-15 10:29:25:https://api.weibo.com/2/account/get_uid.json?access_token=2.00ImFlACp8WHUD7243b72a40xYBQ3D
返回{"uid":1843489284}
2014-06-15 10:29:26:https://api.weibo.com/oauth2/access_token
返回{"access_token":"2.00ImFlACp8WHUD7243b72a40xYBQ3D","remind_in":"621074","expires_in":621074,"uid":"1843489284"}
2014-06-15 10:29:26:https://api.weibo.com/2/account/get_uid.json?access_token=2.00ImFlACp8WHUD7243b72a40xYBQ3D
返回{"uid":1843489284}
